root - WARNING - File already exists
root - WARNING - File already exists
root - WARNING - File already exists
root - WARNING - File already exists
root - WARNING - File already exists
root - WARNING - File already exists
root - WARNING - File already exists
root - WARNING - File already exists
root - WARNING - File already exists
root - WARNING - File already exists
root - WARNING - new file created for => Souvik Guria
root - ERROR - problem in pdf generation: docx2pdf is not implemented for linux as it requires Microsoft Word to be installed
root - WARNING - new file created for => Mohit Ahuja
root - ERROR - problem in pdf generation: docx2pdf is not implemented for linux as it requires Microsoft Word to be installed
root - WARNING - new file created for => Aman Jangra
root - ERROR - problem in pdf generation: docx2pdf is not implemented for linux as it requires Microsoft Word to be installed
root - WARNING - new file created for => Subhankar Karmakar
root - ERROR - problem in pdf generation: docx2pdf is not implemented for linux as it requires Microsoft Word to be installed
root - WARNING - new file created for => Nikita Tiwari
root - ERROR - problem in pdf generation: docx2pdf is not implemented for linux as it requires Microsoft Word to be installed
root - WARNING - new file created for => Ayush Garg
root - ERROR - problem in pdf generation: docx2pdf is not implemented for linux as it requires Microsoft Word to be installed
root - WARNING - new file created for => Mansi Trivedi
root - ERROR - problem in pdf generation: docx2pdf is not implemented for linux as it requires Microsoft Word to be installed
root - WARNING - new file created for => Ram Singh
root - ERROR - problem in pdf generation: docx2pdf is not implemented for linux as it requires Microsoft Word to be installed
root - WARNING - new file created for => Yadav Kumar 
root - ERROR - problem in pdf generation: docx2pdf is not implemented for linux as it requires Microsoft Word to be installed
root - WARNING - new file created for => kishan kumar
root - ERROR - problem in pdf generation: docx2pdf is not implemented for linux as it requires Microsoft Word to be installed
root - WARNING - File already exists
root - WARNING - File already exists
root - WARNING - File already exists
root - WARNING - File already exists
root - WARNING - File already exists
root - WARNING - File already exists
root - WARNING - File already exists
root - WARNING - File already exists
root - WARNING - File already exists
root - WARNING - File already exists
root - WARNING - new file created for => Souvik Guria
root - ERROR - problem in pdf generation: docx2pdf is not implemented for linux as it requires Microsoft Word to be installed
root - WARNING - new file created for => Mohit Ahuja
root - ERROR - problem in pdf generation: docx2pdf is not implemented for linux as it requires Microsoft Word to be installed
root - WARNING - new file created for => Aman Jangra
root - ERROR - problem in pdf generation: docx2pdf is not implemented for linux as it requires Microsoft Word to be installed
root - WARNING - new file created for => Subhankar Karmakar
root - ERROR - problem in pdf generation: docx2pdf is not implemented for linux as it requires Microsoft Word to be installed
root - WARNING - new file created for => Nikita Tiwari
root - ERROR - problem in pdf generation: docx2pdf is not implemented for linux as it requires Microsoft Word to be installed
root - WARNING - new file created for => Ayush Garg
root - ERROR - problem in pdf generation: docx2pdf is not implemented for linux as it requires Microsoft Word to be installed
root - WARNING - new file created for => Mansi Trivedi
root - ERROR - problem in pdf generation: docx2pdf is not implemented for linux as it requires Microsoft Word to be installed
root - WARNING - new file created for => Ram Singh
root - ERROR - problem in pdf generation: docx2pdf is not implemented for linux as it requires Microsoft Word to be installed
root - WARNING - new file created for => Yadav Kumar 
root - ERROR - problem in pdf generation: docx2pdf is not implemented for linux as it requires Microsoft Word to be installed
root - WARNING - new file created for => kishan kumar
root - ERROR - problem in pdf generation: docx2pdf is not implemented for linux as it requires Microsoft Word to be installed
